# JRE version: OpenJDK Runtime Environment Temurin-21.0.9+10 (21.0.9+10) (build 21.0.9+10-LTS)
# Java VM: OpenJDK 64-Bit Server VM Temurin-21.0.9+10 (21.0.9+10-LTS, mixed mode, sharing, tiered, compressed oops, compressed class ptrs, parallel gc, windows-amd64)
GC Precious Log:
 CardTable entry size: 512
 CPUs: 12 total, 12 available
 Memory: 7521M
 Large Page Support: Disabled
 NUMA Support: Disabled
 Compressed Oops: Enabled (32-bit)
 Alignments: Space 512K, Generation 512K, Heap 2M
 Heap Min Capacity: 100M
 Heap Initial Capacity: 100M
 Heap Max Capacity: 2G
 Pre-touch: Disabled
 Parallel Workers: 10
Heap:
 PSYoungGen      total 19456K, used 9717K [0x00000000d5580000, 0x00000000d7300000, 0x0000000100000000)
  eden space 9728K, 0% used [0x00000000d5580000,0x00000000d5580000,0x00000000d5f00000)
  from space 9728K, 99% used [0x00000000d6980000,0x00000000d72fd4f0,0x00000000d7300000)
  to   space 10240K, 0% used [0x00000000d5f80000,0x00000000d5f80000,0x00000000d6980000)
 ParOldGen       total 456704K, used 456273K [0x0000000080000000, 0x000000009be00000, 0x00000000d5580000)
  object space 456704K, 99% used [0x0000000080000000,0x000000009bd94428,0x000000009be00000)
 Metaspace       used 87494K, committed 89472K, reserved 1179648K
  class space    used 9170K, committed 10048K, reserved 1048576K
GC Heap History (20 events):
Event: 562.275 GC heap before
{Heap before GC invocations=798 (full 6):
 PSYoungGen      total 17920K, used 17900K [0x00000000d5580000, 0x00000000d7a00000, 0x0000000100000000)
  eden space 9728K, 99% used [0x00000000d5580000,0x00000000d5effff0,0x00000000d5f00000)
  from space 8192K, 99% used [0x00000000d6080000,0x00000000d687b3b8,0x00000000d6880000)
  to   space 13824K, 0% used [0x00000000d6c80000,0x00000000d6c80000,0x00000000d7a00000)
 ParOldGen       total 405504K, used 405364K [0x0000000080000000, 0x0000000098c00000, 0x00000000d5580000)
  object space 405504K, 99% used [0x0000000080000000,0x0000000098bdd078,0x0000000098c00000)
 Metaspace       used 87279K, committed 89216K, reserved 1179648K
  class space    used 9168K, committed 10048K, reserved 1048576K
}
Event: 562.285 GC heap after
{Heap after GC invocations=798 (full 6):
 PSYoungGen      total 11776K, used 1620K [0x00000000d5580000, 0x00000000d6e80000, 0x0000000100000000)
  eden space 9728K, 0% used [0x00000000d5580000,0x00000000d5580000,0x00000000d5f00000)
  from space 2048K, 79% used [0x00000000d6c80000,0x00000000d6e15220,0x00000000d6e80000)
  to   space 5632K, 0% used [0x00000000d6380000,0x00000000d6380000,0x00000000d6900000)
 ParOldGen       total 413696K, used 413240K [0x0000000080000000, 0x0000000099400000, 0x00000000d5580000)
  object space 413696K, 99% used [0x0000000080000000,0x000000009938e1c8,0x0000000099400000)
 Metaspace       used 87279K, committed 89216K, reserved 1179648K
  class space    used 9168K, committed 10048K, reserved 1048576K
}
Event: 562.372 GC heap before
{Heap before GC invocations=799 (full 6):
 PSYoungGen      total 11776K, used 11348K [0x00000000d5580000, 0x00000000d6e80000, 0x0000000100000000)
  eden space 9728K, 100% used [0x00000000d5580000,0x00000000d5f00000,0x00000000d5f00000)
  from space 2048K, 79% used [0x00000000d6c80000,0x00000000d6e15220,0x00000000d6e80000)
  to   space 5632K, 0% used [0x00000000d6380000,0x00000000d6380000,0x00000000d6900000)
 ParOldGen       total 413696K, used 413240K [0x0000000080000000, 0x0000000099400000, 0x00000000d5580000)
  object space 413696K, 99% used [0x0000000080000000,0x000000009938e1c8,0x0000000099400000)
 Metaspace       used 87281K, committed 89216K, reserved 1179648K
  class space    used 9168K, committed 10048K, reserved 1048576K
}
Event: 562.378 GC heap after
{Heap after GC invocations=799 (full 6):
 PSYoungGen      total 15360K, used 1796K [0x00000000d5580000, 0x00000000d6d00000, 0x0000000100000000)
  eden space 9728K, 0% used [0x00000000d5580000,0x00000000d5580000,0x00000000d5f00000)
  from space 5632K, 31% used [0x00000000d6380000,0x00000000d6541210,0x00000000d6900000)
  to   space 2560K, 0% used [0x00000000d6a80000,0x00000000d6a80000,0x00000000d6d00000)
 ParOldGen       total 413696K, used 413240K [0x0000000080000000, 0x0000000099400000, 0x00000000d5580000)
  object space 413696K, 99% used [0x0000000080000000,0x000000009938e1c8,0x0000000099400000)
 Metaspace       used 87281K, committed 89216K, reserved 1179648K
  class space    used 9168K, committed 10048K, reserved 1048576K
}
Event: 567.899 GC heap before
{Heap before GC invocations=800 (full 6):
 PSYoungGen      total 15360K, used 11524K [0x00000000d5580000, 0x00000000d6d00000, 0x0000000100000000)
  eden space 9728K, 100% used [0x00000000d5580000,0x00000000d5f00000,0x00000000d5f00000)
  from space 5632K, 31% used [0x00000000d6380000,0x00000000d6541210,0x00000000d6900000)
  to   space 2560K, 0% used [0x00000000d6a80000,0x00000000d6a80000,0x00000000d6d00000)
 ParOldGen       total 413696K, used 413240K [0x0000000080000000, 0x0000000099400000, 0x00000000d5580000)
  object space 413696K, 99% used [0x0000000080000000,0x000000009938e1c8,0x0000000099400000)
 Metaspace       used 87305K, committed 89280K, reserved 1179648K
  class space    used 9168K, committed 10048K, reserved 1048576K
}
Event: 567.902 GC heap after
{Heap after GC invocations=800 (full 6):
 PSYoungGen      total 11264K, used 1296K [0x00000000d5580000, 0x00000000d6c00000, 0x0000000100000000)
  eden space 9728K, 0% used [0x00000000d5580000,0x00000000d5580000,0x00000000d5f00000)
  from space 1536K, 84% used [0x00000000d6a80000,0x00000000d6bc4010,0x00000000d6c00000)
  to   space 2048K, 0% used [0x00000000d6800000,0x00000000d6800000,0x00000000d6a00000)
 ParOldGen       total 413696K, used 413240K [0x0000000080000000, 0x0000000099400000, 0x00000000d5580000)
  object space 413696K, 99% used [0x0000000080000000,0x000000009938e1c8,0x0000000099400000)
 Metaspace       used 87305K, committed 89280K, reserved 1179648K
  class space    used 9168K, committed 10048K, reserved 1048576K
}
Event: 579.279 GC heap before
{Heap before GC invocations=801 (full 6):
 PSYoungGen      total 11264K, used 11024K [0x00000000d5580000, 0x00000000d6c00000, 0x0000000100000000)
  eden space 9728K, 100% used [0x00000000d5580000,0x00000000d5f00000,0x00000000d5f00000)
  from space 1536K, 84% used [0x00000000d6a80000,0x00000000d6bc4010,0x00000000d6c00000)
  to   space 2048K, 0% used [0x00000000d6800000,0x00000000d6800000,0x00000000d6a00000)
 ParOldGen       total 413696K, used 413240K [0x0000000080000000, 0x0000000099400000, 0x00000000d5580000)
  object space 413696K, 99% used [0x0000000080000000,0x000000009938e1c8,0x0000000099400000)
 Metaspace       used 87343K, committed 89280K, reserved 1179648K
  class space    used 9170K, committed 10048K, reserved 1048576K
}
Event: 579.374 GC heap after
{Heap after GC invocations=801 (full 6):
 PSYoungGen      total 11264K, used 1248K [0x00000000d5580000, 0x00000000d6b00000, 0x0000000100000000)
  eden space 9728K, 0% used [0x00000000d5580000,0x00000000d5580000,0x00000000d5f00000)
  from space 1536K, 81% used [0x00000000d6800000,0x00000000d6938000,0x00000000d6980000)
  to   space 1536K, 0% used [0x00000000d6980000,0x00000000d6980000,0x00000000d6b00000)
 ParOldGen       total 413696K, used 413248K [0x0000000080000000, 0x0000000099400000, 0x00000000d5580000)
  object space 413696K, 99% used [0x0000000080000000,0x00000000993901c8,0x0000000099400000)
 Metaspace       used 87343K, committed 89280K, reserved 1179648K
  class space    used 9170K, committed 10048K, reserved 1048576K
}
Event: 581.461 GC heap before
{Heap before GC invocations=802 (full 6):
 PSYoungGen      total 11264K, used 10496K [0x00000000d5580000, 0x00000000d6b00000, 0x0000000100000000)
  eden space 9728K, 95% used [0x00000000d5580000,0x00000000d5e88088,0x00000000d5f00000)
  from space 1536K, 81% used [0x00000000d6800000,0x00000000d6938000,0x00000000d6980000)
  to   space 1536K, 0% used [0x00000000d6980000,0x00000000d6980000,0x00000000d6b00000)
 ParOldGen       total 413696K, used 413248K [0x0000000080000000, 0x0000000099400000, 0x00000000d5580000)
  object space 413696K, 99% used [0x0000000080000000,0x00000000993901c8,0x0000000099400000)
 Metaspace       used 87412K, committed 89344K, reserved 1179648K
  class space    used 9170K, committed 10048K, reserved 1048576K
}
Event: 581.463 GC heap after
{Heap after GC invocations=802 (full 6):
 PSYoungGen      total 11264K, used 1522K [0x00000000d5580000, 0x00000000d6b00000, 0x0000000100000000)
  eden space 9728K, 0% used [0x00000000d5580000,0x00000000d5580000,0x00000000d5f00000)
  from space 1536K, 99% used [0x00000000d6980000,0x00000000d6afc808,0x00000000d6b00000)
  to   space 2048K, 0% used [0x00000000d6700000,0x00000000d6700000,0x00000000d6900000)
 ParOldGen       total 413696K, used 413448K [0x0000000080000000, 0x0000000099400000, 0x00000000d5580000)
  object space 413696K, 99% used [0x0000000080000000,0x00000000993c21c8,0x0000000099400000)
 Metaspace       used 87412K, committed 89344K, reserved 1179648K
  class space    used 9170K, committed 10048K, reserved 1048576K
}
Event: 581.562 GC heap before
{Heap before GC invocations=803 (full 6):
 PSYoungGen      total 11264K, used 11250K [0x00000000d5580000, 0x00000000d6b00000, 0x0000000100000000)
  eden space 9728K, 100% used [0x00000000d5580000,0x00000000d5f00000,0x00000000d5f00000)
  from space 1536K, 99% used [0x00000000d6980000,0x00000000d6afc808,0x00000000d6b00000)
  to   space 2048K, 0% used [0x00000000d6700000,0x00000000d6700000,0x00000000d6900000)
 ParOldGen       total 413696K, used 413448K [0x0000000080000000, 0x0000000099400000, 0x00000000d5580000)
  object space 413696K, 99% used [0x0000000080000000,0x00000000993c21c8,0x0000000099400000)
 Metaspace       used 87412K, committed 89344K, reserved 1179648K
  class space    used 9170K, committed 10048K, reserved 1048576K
}
Event: 581.569 GC heap after
{Heap after GC invocations=803 (full 6):
 PSYoungGen      total 11776K, used 2037K [0x00000000d5580000, 0x00000000d7800000, 0x0000000100000000)
  eden space 9728K, 0% used [0x00000000d5580000,0x00000000d5580000,0x00000000d5f00000)
  from space 2048K, 99% used [0x00000000d6700000,0x00000000d68fd510,0x00000000d6900000)
  to   space 12800K, 0% used [0x00000000d6b80000,0x00000000d6b80000,0x00000000d7800000)
 ParOldGen       total 422912K, used 422424K [0x0000000080000000, 0x0000000099d00000, 0x00000000d5580000)
  object space 422912K, 99% used [0x0000000080000000,0x0000000099c861c8,0x0000000099d00000)
 Metaspace       used 87412K, committed 89344K, reserved 1179648K
  class space    used 9170K, committed 10048K, reserved 1048576K
}
Event: 581.654 GC heap before
{Heap before GC invocations=804 (full 6):
 PSYoungGen      total 11776K, used 11765K [0x00000000d5580000, 0x00000000d7800000, 0x0000000100000000)
  eden space 9728K, 100% used [0x00000000d5580000,0x00000000d5f00000,0x00000000d5f00000)
  from space 2048K, 99% used [0x00000000d6700000,0x00000000d68fd510,0x00000000d6900000)
  to   space 12800K, 0% used [0x00000000d6b80000,0x00000000d6b80000,0x00000000d7800000)
 ParOldGen       total 422912K, used 422424K [0x0000000080000000, 0x0000000099d00000, 0x00000000d5580000)
  object space 422912K, 99% used [0x0000000080000000,0x0000000099c861c8,0x0000000099d00000)
 Metaspace       used 87422K, committed 89344K, reserved 1179648K
  class space    used 9170K, committed 10048K, reserved 1048576K
}
Event: 581.661 GC heap after
{Heap after GC invocations=804 (full 6):
 PSYoungGen      total 17920K, used 8045K [0x00000000d5580000, 0x00000000d7380000, 0x0000000100000000)
  eden space 9728K, 0% used [0x00000000d5580000,0x00000000d5580000,0x00000000d5f00000)
  from space 8192K, 98% used [0x00000000d6b80000,0x00000000d735b470,0x00000000d7380000)
  to   space 9216K, 0% used [0x00000000d6180000,0x00000000d6180000,0x00000000d6a80000)
 ParOldGen       total 422912K, used 422456K [0x0000000080000000, 0x0000000099d00000, 0x00000000d5580000)
  object space 422912K, 99% used [0x0000000080000000,0x0000000099c8e1c8,0x0000000099d00000)
 Metaspace       used 87422K, committed 89344K, reserved 1179648K
  class space    used 9170K, committed 10048K, reserved 1048576K
}
Event: 581.700 GC heap before
{Heap before GC invocations=805 (full 6):
 PSYoungGen      total 17920K, used 17733K [0x00000000d5580000, 0x00000000d7380000, 0x0000000100000000)
  eden space 9728K, 99% used [0x00000000d5580000,0x00000000d5ef6118,0x00000000d5f00000)
  from space 8192K, 98% used [0x00000000d6b80000,0x00000000d735b470,0x00000000d7380000)
  to   space 9216K, 0% used [0x00000000d6180000,0x00000000d6180000,0x00000000d6a80000)
 ParOldGen       total 422912K, used 422456K [0x0000000080000000, 0x0000000099d00000, 0x00000000d5580000)
  object space 422912K, 99% used [0x0000000080000000,0x0000000099c8e1c8,0x0000000099d00000)
 Metaspace       used 87435K, committed 89408K, reserved 1179648K
  class space    used 9170K, committed 10048K, reserved 1048576K
}
Event: 581.707 GC heap after
{Heap after GC invocations=805 (full 6):
 PSYoungGen      total 18944K, used 9203K [0x00000000d5580000, 0x00000000d7600000, 0x0000000100000000)
  eden space 9728K, 0% used [0x00000000d5580000,0x00000000d5580000,0x00000000d5f00000)
  from space 9216K, 99% used [0x00000000d6180000,0x00000000d6a7ce60,0x00000000d6a80000)
  to   space 11776K, 0% used [0x00000000d6a80000,0x00000000d6a80000,0x00000000d7600000)
 ParOldGen       total 424448K, used 424288K [0x0000000080000000, 0x0000000099e80000, 0x00000000d5580000)
  object space 424448K, 99% used [0x0000000080000000,0x0000000099e581c8,0x0000000099e80000)
 Metaspace       used 87435K, committed 89408K, reserved 1179648K
  class space    used 9170K, committed 10048K, reserved 1048576K
}
Event: 582.081 GC heap before
{Heap before GC invocations=806 (full 6):
 PSYoungGen      total 18944K, used 18931K [0x00000000d5580000, 0x00000000d7600000, 0x0000000100000000)
  eden space 9728K, 100% used [0x00000000d5580000,0x00000000d5f00000,0x00000000d5f00000)
  from space 9216K, 99% used [0x00000000d6180000,0x00000000d6a7ce60,0x00000000d6a80000)
  to   space 11776K, 0% used [0x00000000d6a80000,0x00000000d6a80000,0x00000000d7600000)
 ParOldGen       total 424448K, used 424288K [0x0000000080000000, 0x0000000099e80000, 0x00000000d5580000)
  object space 424448K, 99% used [0x0000000080000000,0x0000000099e581c8,0x0000000099e80000)
 Metaspace       used 87452K, committed 89408K, reserved 1179648K
  class space    used 9170K, committed 10048K, reserved 1048576K
}
Event: 582.088 GC heap after
{Heap after GC invocations=806 (full 6):
 PSYoungGen      total 18944K, used 9197K [0x00000000d5580000, 0x00000000d7380000, 0x0000000100000000)
  eden space 9728K, 0% used [0x00000000d5580000,0x00000000d5580000,0x00000000d5f00000)
  from space 9216K, 99% used [0x00000000d6a80000,0x00000000d737b538,0x00000000d7380000)
  to   space 10240K, 0% used [0x00000000d5f80000,0x00000000d5f80000,0x00000000d6980000)
 ParOldGen       total 424960K, used 424912K [0x0000000080000000, 0x0000000099f00000, 0x00000000d5580000)
  object space 424960K, 99% used [0x0000000080000000,0x0000000099ef43f8,0x0000000099f00000)
 Metaspace       used 87452K, committed 89408K, reserved 1179648K
  class space    used 9170K, committed 10048K, reserved 1048576K
}
Event: 582.444 GC heap before
{Heap before GC invocations=807 (full 6):
 PSYoungGen      total 18944K, used 18925K [0x00000000d5580000, 0x00000000d7380000, 0x0000000100000000)
  eden space 9728K, 100% used [0x00000000d5580000,0x00000000d5f00000,0x00000000d5f00000)
  from space 9216K, 99% used [0x00000000d6a80000,0x00000000d737b538,0x00000000d7380000)
  to   space 10240K, 0% used [0x00000000d5f80000,0x00000000d5f80000,0x00000000d6980000)
 ParOldGen       total 456704K, used 455633K [0x0000000080000000, 0x000000009be00000, 0x00000000d5580000)
  object space 456704K, 99% used [0x0000000080000000,0x000000009bcf4428,0x000000009be00000)
 Metaspace       used 87474K, committed 89408K, reserved 1179648K
  class space    used 9170K, committed 10048K, reserved 1048576K
}
Event: 582.451 GC heap after
{Heap after GC invocations=807 (full 6):
 PSYoungGen      total 19968K, used 10042K [0x00000000d5580000, 0x00000000d7300000, 0x0000000100000000)
  eden space 9728K, 0% used [0x00000000d5580000,0x00000000d5580000,0x00000000d5f00000)
  from space 10240K, 98% used [0x00000000d5f80000,0x00000000d694ebf0,0x00000000d6980000)
  to   space 9728K, 0% used [0x00000000d6980000,0x00000000d6980000,0x00000000d7300000)
 ParOldGen       total 456704K, used 455633K [0x0000000080000000, 0x000000009be00000, 0x00000000d5580000)
  object space 456704K, 99% used [0x0000000080000000,0x000000009bcf4428,0x000000009be00000)
 Metaspace       used 87474K, committed 89408K, reserved 1179648K
  class space    used 9170K, committed 10048K, reserved 1048576K
}

